\BOOKMARK [1][-]{section.1}{Johdanto}{}% 1
\BOOKMARK [1][-]{section.2}{Luonnollisen kielen tuottamisen haasteet}{}% 2
\BOOKMARK [2][-]{subsection.2.1}{Luonnollisen kielen tutkimus}{section.2}% 3
\BOOKMARK [2][-]{subsection.2.2}{Luonnollisen kielen eri tasot}{section.2}% 4
\BOOKMARK [2][-]{subsection.2.3}{Kielipelit}{section.2}% 5
\BOOKMARK [2][-]{subsection.2.4}{Lauserakenteet ja tulkinta}{section.2}% 6
\BOOKMARK [1][-]{section.3}{Palauteoppiminen}{}% 7
\BOOKMARK [2][-]{subsection.3.1}{Koneoppiminen}{section.3}% 8
\BOOKMARK [2][-]{subsection.3.2}{Palauteoppimisen periaate}{section.3}% 9
\BOOKMARK [2][-]{subsection.3.3}{Markovin p\344\344t\366ksentekoprosessi}{section.3}% 10
\BOOKMARK [2][-]{subsection.3.4}{Keskustelun mallintaminen Markovin prosessin avulla}{section.3}% 11
\BOOKMARK [1][-]{section.4}{Palauteoppivat j\344rjestelm\344t}{}% 12
\BOOKMARK [2][-]{subsection.4.1}{}{section.4}% 13
\BOOKMARK [2][-]{subsection.4.2}{Esimerkki kielen syntaksin opettelusta}{section.4}% 14
\BOOKMARK [2][-]{subsection.4.3}{Hierarkkinen palauteoppiminen}{section.4}% 15
\BOOKMARK [1][-]{section.5}{Palauteoppiminen ja ymp\344r\366iv\344 maailma}{}% 16
\BOOKMARK [2][-]{subsection.5.1}{Yhteys ihmisen oppimismalliin}{section.5}% 17
\BOOKMARK [2][-]{subsection.5.2}{Palauteoppiminen muuttuvassa ymp\344rist\366ss\344}{section.5}% 18
\BOOKMARK [1][-]{section.6}{Yhteenveto}{}% 19
\BOOKMARK [1][-]{section*.2}{L\344hteet}{}% 20
